2015-06-16 09:48:13	SQLSTATE[HY000] [2003] Can't connect to MySQL server on '192.168.110.218' (110)
2015-06-16 09:51:06	SQLSTATE[42000]: Syntax error or access violation: 1064 You have an error in your SQL syntax; check the manual that corresponds to your MySQL server version for the right syntax to use near '"('','','','','\u6700\u65b0\u5e94\u7528', 2 ,'2015-06-16 09:50:59','http:\/\/app' at line 1
2015-06-16 09:52:52	成功插入同步推热门游戏207条数据!
2015-06-16 09:52:57	成功插入同步推热门应用203条数据!
2015-06-16 09:53:02	成功插入同步推最新游戏213条数据!
2015-06-16 09:53:07	成功插入同步推最新应用211条数据!
2015-06-16 09:53:12	成功插入同步推装机必备169条数据!
2015-06-16 10:03:09	SQLSTATE[HY000]: General error: trying to execute an empty query
2015-06-16 10:31:03	成功插入同步推热门游戏399条数据!
2015-06-16 10:31:12	成功插入同步推热门应用400条数据!
2015-06-16 10:31:20	成功插入同步推最新游戏399条数据!
2015-06-16 10:31:26	成功插入同步推最新应用400条数据!
2015-06-16 10:31:33	成功插入同步推装机必备212条数据!
2015-06-16 10:32:13	成功插入同步推热门游戏200条数据!
2015-06-16 10:32:19	成功插入同步推热门应用200条数据!
2015-06-16 10:32:23	成功插入同步推最新游戏206条数据!
2015-06-16 10:32:27	成功插入同步推最新应用209条数据!
2015-06-16 10:32:29	成功插入同步推装机必备164条数据!
2015-06-16 10:48:10	SQLSTATE[42000]: Syntax error or access violation: 1064 You have an error in your SQL syntax; check the manual that corresponds to your MySQL server version for the right syntax to use near '"('','','','','\u70ed\u95e8\u6e38\u620f', 2 ,'2015-06-16 10:48:05','http:\/\/app' at line 1
2015-06-16 10:58:08	SQLSTATE[42000]: Syntax error or access violation: 1064 You have an error in your SQL syntax; check the manual that corresponds to your MySQL server version for the right syntax to use near '"('','','','','\u70ed\u95e8\u6e38\u620f', 2 ,'2015-06-16 10:58:04','http:\/\/app' at line 1
2015-06-16 11:02:19	成功插入同步推401条数据!
2015-06-16 11:02:19	成功插入同步推401条数据!
2015-06-16 11:02:19	成功插入同步推212条数据!
2015-06-16 11:02:19	成功插入同步推401条数据!
2015-06-16 11:02:19	成功插入同步推401条数据!
2015-06-16 11:04:17	成功插入同步推212条数据!
2015-06-16 11:04:17	成功插入同步推402条数据!
2015-06-16 11:04:17	成功插入同步推402条数据!
2015-06-16 11:04:17	成功插入同步推402条数据!
2015-06-16 11:04:17	成功插入同步推402条数据!
2015-06-16 11:04:45	成功插入同步推201条数据!
2015-06-16 11:04:45	成功插入同步推201条数据!
2015-06-16 11:04:45	成功插入同步推207条数据!
2015-06-16 11:04:45	成功插入同步推163条数据!
2015-06-16 11:04:45	成功插入同步推211条数据!
2015-06-16 11:09:57	成功插入同步推201条数据!
2015-06-16 11:09:57	成功插入同步推207条数据!
2015-06-16 11:09:57	成功插入同步推201条数据!
2015-06-16 11:09:57	成功插入同步推210条数据!
2015-06-16 11:09:57	成功插入同步推164条数据!
2015-06-16 11:10:03	成功插入同步推101条数据!
2015-06-16 11:10:04	成功插入同步推125条数据!
2015-06-16 11:10:04	成功插入同步推103条数据!
2015-06-16 11:10:16	成功插入同步推热门软件排行榜113条数据!
2015-06-16 11:10:25	SQLSTATE[42000]: Syntax error or access violation: 1064 You have an error in your SQL syntax; check the manual that corresponds to your MySQL server version for the right syntax to use near 's Edition (Full)','http://im1.tongbu.com/appicon/app/928/28/642919928_7CF1C098_7' at line 1
2015-06-16 11:13:36	成功插入PP93条数据!
2015-06-16 11:47:17	成功插入同步推热门软件排行榜200条数据!
2015-06-16 11:47:24	成功插入同步推精选软件排行榜104条数据!
2015-06-16 11:48:58	成功插入同步推201条数据!
2015-06-16 11:48:58	成功插入同步推162条数据!
2015-06-16 11:48:58	成功插入同步推202条数据!
2015-06-16 11:48:58	成功插入同步推207条数据!
2015-06-16 11:48:58	成功插入同步推211条数据!
2015-06-16 11:49:03	成功插入同步推101条数据!
2015-06-16 11:49:03	成功插入同步推103条数据!
2015-06-16 11:49:03	成功插入同步推125条数据!
2015-06-16 11:49:09	成功插入同步推热门软件排行榜113条数据!
2015-06-16 11:49:16	成功插入同步推精选软件排行榜104条数据!
2015-06-16 11:50:21	成功插入PP93条数据!
