2015-06-11 11:32:57	SQLSTATE[HY000] [2003] Can't connect to MySQL server on '192.168.110.218' (110)
2015-06-11 14:01:04	成功插入热门游戏200条数据!
2015-06-11 14:01:10	成功插入热门应用200条数据!
2015-06-11 14:01:15	成功插入最新游戏207条数据!
2015-06-11 14:01:21	成功插入最新应用209条数据!
2015-06-11 14:01:27	成功插入装机必备162条数据!
2015-06-11 14:01:29	成功插入iPhone免费软件排行榜116条数据!
2015-06-11 14:01:31	成功插入iPhone收费软件排行榜106条数据!
2015-06-11 14:01:33	成功插入iPhone畅销软件排行榜124条数据!
2015-06-11 18:14:46	成功插入112条数据!
2015-06-11 18:16:54	SQLSTATE[42S22]: Column not found: 1054 Unknown column 'TONGBUTUI_SOURCEID' in 'field list'
2015-06-11 18:18:11	成功插入200条数据!
2015-06-11 18:18:19	成功插入111条数据!
2015-06-11 18:23:45	成功插入热门游戏397条数据!
2015-06-11 18:23:49	成功插入热门应用400条数据!
2015-06-11 18:23:54	成功插入最新游戏398条数据!
2015-06-11 18:23:59	成功插入最新应用398条数据!
2015-06-11 18:24:04	成功插入装机必备212条数据!
2015-06-11 18:24:05	成功插入iPhone免费软件排行榜200条数据!
2015-06-11 18:24:08	成功插入iPhone收费软件排行榜200条数据!
2015-06-11 18:24:09	成功插入iPhone畅销软件排行榜200条数据!
2015-06-11 18:24:18	成功插入热门软件排行榜200条数据!
2015-06-11 18:24:26	成功插入精选软件排行榜200条数据!
2015-06-11 18:27:48	成功插入同步推热门游戏200条数据!
2015-06-11 18:27:51	成功插入同步推热门应用200条数据!
2015-06-11 18:27:56	成功插入同步推最新游戏207条数据!
2015-06-11 18:28:00	成功插入同步推最新应用209条数据!
2015-06-11 18:28:03	成功插入同步推装机必备162条数据!
2015-06-11 18:28:12	成功插入同步推iPhone免费软件排行榜116条数据!
2015-06-11 18:28:14	成功插入同步推iPhone收费软件排行榜106条数据!
2015-06-11 18:28:15	成功插入同步推iPhone畅销软件排行榜124条数据!
2015-06-11 18:28:22	成功插入同步推热门软件排行榜112条数据!
2015-06-11 18:28:29	成功插入同步推精选软件排行榜111条数据!
