2015-04-01 10:10:04	成功插入热门游戏100条数据!
2015-04-01 10:10:07	成功插入热门应用100条数据!
2015-04-01 10:10:09	成功插入最新游戏100条数据!
2015-04-01 10:10:11	成功插入最新应用100条数据!
2015-04-01 10:10:12	成功插入装机必备71条数据!
2015-04-01 10:10:16	成功插入iPhone免费软件排行榜100条数据!
2015-04-01 10:10:19	成功插入iPhone收费软件排行榜100条数据!
2015-04-01 10:10:20	成功插入iPhone畅销软件排行榜100条数据!
2015-04-01 10:19:00	成功插入热门游戏100条数据!
2015-04-01 10:19:02	成功插入热门应用100条数据!
2015-04-01 10:19:05	成功插入最新游戏100条数据!
2015-04-01 10:19:07	成功插入最新应用100条数据!
2015-04-01 10:19:08	成功插入装机必备71条数据!
2015-04-01 10:19:10	成功插入iPhone免费软件排行榜100条数据!
2015-04-01 10:19:12	成功插入iPhone收费软件排行榜100条数据!
2015-04-01 10:19:15	成功插入iPhone畅销软件排行榜100条数据!
2015-04-01 10:19:51	成功插入热门游戏100条数据!
2015-04-01 10:19:52	成功插入热门应用100条数据!
2015-04-01 10:19:53	成功插入最新游戏100条数据!
2015-04-01 10:19:54	成功插入最新应用100条数据!
2015-04-01 10:19:54	成功插入装机必备71条数据!
2015-04-01 10:19:57	成功插入iPhone免费软件排行榜100条数据!
2015-04-01 10:19:58	成功插入iPhone收费软件排行榜100条数据!
2015-04-01 10:20:01	成功插入iPhone畅销软件排行榜100条数据!
2015-04-01 10:20:21	成功插入热门游戏100条数据!
2015-04-01 10:20:22	成功插入热门应用100条数据!
2015-04-01 10:20:23	成功插入最新游戏100条数据!
2015-04-01 10:20:24	成功插入最新应用100条数据!
2015-04-01 10:20:24	成功插入装机必备71条数据!
2015-04-01 10:20:26	成功插入iPhone免费软件排行榜100条数据!
2015-04-01 10:20:30	成功插入iPhone收费软件排行榜100条数据!
2015-04-01 10:20:40	成功插入iPhone畅销软件排行榜100条数据!
2015-04-01 10:22:54	成功插入热门游戏100条数据!
2015-04-01 10:22:54	成功插入热门应用100条数据!
2015-04-01 10:22:55	成功插入最新游戏100条数据!
2015-04-01 10:22:56	成功插入最新应用100条数据!
2015-04-01 10:22:56	成功插入装机必备71条数据!
2015-04-01 10:22:59	成功插入iPhone免费软件排行榜100条数据!
2015-04-01 10:23:01	成功插入iPhone收费软件排行榜100条数据!
2015-04-01 10:23:03	成功插入iPhone畅销软件排行榜100条数据!
2015-04-01 10:35:36	成功插入热门游戏100条数据!
2015-04-01 10:35:38	成功插入热门应用100条数据!
2015-04-01 10:35:40	成功插入最新游戏100条数据!
2015-04-01 10:35:42	成功插入最新应用100条数据!
2015-04-01 10:35:44	成功插入装机必备71条数据!
2015-04-01 10:35:46	成功插入iPhone免费软件排行榜100条数据!
2015-04-01 10:35:47	成功插入iPhone收费软件排行榜100条数据!
2015-04-01 10:35:49	成功插入iPhone畅销软件排行榜100条数据!
2015-04-01 10:51:54	成功插入热门游戏100条数据!
2015-04-01 10:51:56	成功插入热门应用100条数据!
2015-04-01 10:51:59	成功插入最新游戏100条数据!
2015-04-01 10:52:01	成功插入最新应用100条数据!
2015-04-01 10:52:02	成功插入装机必备71条数据!
2015-04-01 10:52:04	成功插入iPhone免费软件排行榜100条数据!
2015-04-01 10:52:06	成功插入iPhone收费软件排行榜100条数据!
2015-04-01 10:52:07	成功插入iPhone畅销软件排行榜100条数据!
2015-04-01 10:53:08	成功插入热门游戏100条数据!
2015-04-01 10:53:11	成功插入热门应用100条数据!
2015-04-01 10:54:11	成功插入热门游戏100条数据!
2015-04-01 10:54:12	成功插入热门应用100条数据!
2015-04-01 10:54:14	成功插入最新游戏100条数据!
2015-04-01 10:54:17	成功插入最新应用100条数据!
2015-04-01 10:54:19	成功插入装机必备71条数据!
2015-04-01 10:55:59	成功插入热门游戏100条数据!
2015-04-01 10:56:00	成功插入热门应用100条数据!
2015-04-01 10:56:01	成功插入最新游戏100条数据!
2015-04-01 10:56:02	成功插入最新应用100条数据!
2015-04-01 10:56:02	成功插入装机必备71条数据!
2015-04-01 10:56:56	成功插入热门游戏100条数据!
2015-04-01 10:56:57	成功插入热门应用100条数据!
2015-04-01 10:56:59	成功插入最新游戏100条数据!
2015-04-01 10:57:01	成功插入最新应用100条数据!
2015-04-01 10:57:02	成功插入装机必备71条数据!
2015-04-01 10:57:05	成功插入iPhone免费软件排行榜100条数据!
2015-04-01 10:57:07	成功插入iPhone收费软件排行榜100条数据!
2015-04-01 10:57:09	成功插入iPhone畅销软件排行榜100条数据!
2015-04-01 11:16:18	成功插入热门游戏100条数据!
2015-04-01 11:16:20	成功插入热门应用100条数据!
2015-04-01 11:16:23	SQLSTATE[23000]: Integrity constraint violation: 1062 Duplicate entry '970383329-蠢蠢的腊肠-1.0.1 -2' for key 'PRIMARY'
2015-04-01 11:22:15	成功插入热门游戏100条数据!
2015-04-01 11:22:18	成功插入热门应用100条数据!
2015-04-01 11:22:22	SQLSTATE[23000]: Integrity constraint violation: 1062 Duplicate entry '970383329-1.0.1 -2' for key 'app_index'
2015-04-01 11:35:09	成功插入最新游戏98条数据!
2015-04-01 11:35:11	成功插入最新应用100条数据!
2015-04-01 11:35:13	成功插入装机必备50条数据!
2015-04-01 11:35:16	SQLSTATE[23000]: Integrity constraint violation: 1062 Duplicate entry '940547441-1.5.0-2' for key 'app_index'
2015-04-01 11:36:04	成功插入热门游戏100条数据!
2015-04-01 11:36:08	成功插入热门应用100条数据!
2015-04-01 11:36:11	成功插入最新游戏98条数据!
2015-04-01 11:36:13	成功插入最新应用100条数据!
2015-04-01 11:36:14	成功插入装机必备50条数据!
2015-04-01 11:36:17	SQLSTATE[23000]: Integrity constraint violation: 1062 Duplicate entry '940547441-1.5.0-2' for key 'app_index'
2015-04-01 11:40:21	成功插入热门游戏100条数据!
2015-04-01 11:40:23	成功插入热门应用100条数据!
2015-04-01 11:40:25	成功插入最新游戏98条数据!
2015-04-01 11:40:31	成功插入最新应用100条数据!
2015-04-01 11:40:36	成功插入装机必备50条数据!
2015-04-01 11:40:39	成功插入iPhone免费软件排行榜83条数据!
2015-04-01 11:40:40	成功插入iPhone收费软件排行榜96条数据!
2015-04-01 11:40:41	成功插入iPhone畅销软件排行榜75条数据!
2015-04-01 13:45:35	成功插入热门游戏100条数据!
2015-04-01 13:45:37	成功插入热门应用100条数据!
2015-04-01 13:45:39	成功插入最新游戏102条数据!
2015-04-01 13:45:42	成功插入最新应用100条数据!
2015-04-01 13:45:43	成功插入装机必备92条数据!
2015-04-01 13:45:44	成功插入iPhone免费软件排行榜117条数据!
2015-04-01 13:45:45	成功插入iPhone收费软件排行榜104条数据!
2015-04-01 13:45:48	成功插入iPhone畅销软件排行榜125条数据!
2015-04-01 13:48:50	成功插入热门游戏100条数据!
2015-04-01 13:48:51	成功插入热门应用100条数据!
2015-04-01 13:48:52	成功插入最新游戏102条数据!
2015-04-01 13:48:54	成功插入最新应用100条数据!
2015-04-01 13:48:55	成功插入装机必备92条数据!
2015-04-01 13:48:59	成功插入iPhone免费软件排行榜117条数据!
2015-04-01 13:49:03	成功插入iPhone收费软件排行榜104条数据!
2015-04-01 13:49:05	成功插入iPhone畅销软件排行榜125条数据!
