2015-04-20 18:29:21	成功插入52条数据!
2015-04-20 18:29:21	成功插入42条数据!
2015-04-20 18:29:21	成功插入48条数据!
2015-04-20 18:29:21	成功插入47条数据!
2015-04-20 18:29:21	成功插入54条数据!
2015-04-20 18:38:41	成功插入92条数据!
2015-04-20 18:38:41	成功插入205条数据!
2015-04-20 18:38:41	成功插入204条数据!
2015-04-20 18:38:41	成功插入199条数据!
2015-04-20 18:38:41	成功插入204条数据!
2015-04-20 18:40:42	成功插入92条数据!
2015-04-20 18:40:42	成功插入205条数据!
2015-04-20 18:40:42	成功插入199条数据!
2015-04-20 18:40:42	成功插入204条数据!
2015-04-20 18:40:42	成功插入204条数据!
2015-04-20 18:43:49	成功插入热门游戏198条数据!
2015-04-20 18:43:53	成功插入热门应用198条数据!
2015-04-20 18:43:56	成功插入最新游戏204条数据!
2015-04-20 18:43:58	成功插入最新应用211条数据!
2015-04-20 18:44:00	成功插入装机必备93条数据!
2015-04-20 18:48:23	成功插入热门游戏354条数据!
2015-04-20 18:48:25	成功插入热门应用354条数据!
2015-04-20 18:48:26	成功插入最新游戏356条数据!
2015-04-20 18:48:28	成功插入最新应用368条数据!
2015-04-20 18:48:28	成功插入装机必备142条数据!
2015-04-20 18:53:03	成功插入热门游戏198条数据!
2015-04-20 18:53:06	成功插入热门应用198条数据!
2015-04-20 18:53:09	成功插入最新游戏204条数据!
2015-04-20 18:53:11	成功插入最新应用211条数据!
2015-04-20 18:53:12	成功插入装机必备93条数据!
2015-04-20 18:54:46	成功插入92条数据!
2015-04-20 18:54:46	成功插入205条数据!
2015-04-20 18:54:46	成功插入199条数据!
2015-04-20 18:54:46	成功插入204条数据!
2015-04-20 18:54:46	成功插入204条数据!
