2015-06-12 11:31:29	成功插入同步推热门游戏400条数据!
2015-06-12 11:31:34	成功插入同步推热门应用400条数据!
2015-06-12 11:31:39	成功插入同步推最新游戏400条数据!
2015-06-12 11:31:43	成功插入同步推最新应用400条数据!
2015-06-12 11:31:48	成功插入同步推装机必备210条数据!
2015-06-12 11:31:51	成功插入同步推iPhone免费软件排行榜200条数据!
2015-06-12 11:31:52	成功插入同步推iPhone收费软件排行榜200条数据!
2015-06-12 11:31:55	成功插入同步推iPhone畅销软件排行榜200条数据!
2015-06-12 11:33:57	成功插入同步推热门游戏400条数据!
2015-06-12 11:34:00	成功插入同步推热门应用400条数据!
2015-06-12 11:34:03	成功插入同步推最新游戏400条数据!
2015-06-12 11:34:06	成功插入同步推最新应用400条数据!
2015-06-12 11:34:09	成功插入同步推装机必备212条数据!
2015-06-12 11:34:19	成功插入同步推iPhone免费软件排行榜200条数据!
2015-06-12 11:34:21	成功插入同步推iPhone收费软件排行榜200条数据!
2015-06-12 11:34:23	成功插入同步推iPhone畅销软件排行榜200条数据!
2015-06-12 11:37:54	成功插入同步推热门游戏400条数据!
2015-06-12 11:37:57	成功插入同步推热门应用400条数据!
2015-06-12 11:38:00	成功插入同步推最新游戏400条数据!
2015-06-12 11:38:04	成功插入同步推最新应用400条数据!
2015-06-12 11:38:06	成功插入同步推装机必备212条数据!
2015-06-12 11:38:09	成功插入同步推iPhone免费软件排行榜200条数据!
2015-06-12 11:38:11	成功插入同步推iPhone收费软件排行榜200条数据!
2015-06-12 11:38:13	成功插入同步推iPhone畅销软件排行榜200条数据!
2015-06-12 11:39:22	成功插入同步推热门游戏400条数据!
2015-06-12 11:39:25	成功插入同步推热门应用400条数据!
2015-06-12 11:39:29	成功插入同步推最新游戏400条数据!
2015-06-12 11:39:31	成功插入同步推最新应用400条数据!
2015-06-12 11:39:34	成功插入同步推装机必备212条数据!
2015-06-12 11:39:36	成功插入同步推iPhone免费软件排行榜200条数据!
2015-06-12 11:39:38	成功插入同步推iPhone收费软件排行榜200条数据!
2015-06-12 11:39:41	成功插入同步推iPhone畅销软件排行榜200条数据!
2015-06-12 12:04:05	成功插入同步推热门游戏400条数据!
2015-06-12 12:04:09	成功插入同步推热门应用400条数据!
2015-06-12 12:04:14	成功插入同步推最新游戏400条数据!
2015-06-12 12:04:19	成功插入同步推最新应用400条数据!
2015-06-12 12:04:24	成功插入同步推装机必备212条数据!
2015-06-12 12:04:26	成功插入同步推iPhone免费软件排行榜200条数据!
2015-06-12 12:04:27	成功插入同步推iPhone收费软件排行榜200条数据!
2015-06-12 12:04:30	成功插入同步推iPhone畅销软件排行榜200条数据!
2015-06-12 18:01:42	成功插入同步推热门游戏396条数据!
2015-06-12 18:01:47	成功插入同步推热门应用400条数据!
2015-06-12 18:01:52	成功插入同步推最新游戏399条数据!
2015-06-12 18:01:57	成功插入同步推最新应用399条数据!
2015-06-12 18:02:02	成功插入同步推装机必备212条数据!
2015-06-12 18:02:05	成功插入同步推iPhone免费软件排行榜185条数据!
2015-06-12 18:02:08	成功插入同步推iPhone收费软件排行榜187条数据!
2015-06-12 18:02:09	成功插入同步推iPhone畅销软件排行榜189条数据!
