2015-03-19 08:51:57	 Mysql connect success 
2015-03-19 08:52:51	 Mysql connect success 
2015-03-19 09:11:24	 Mysql connect success 
2015-03-19 09:12:11	 Mysql connect success 
2015-03-19 09:14:40	 Mysql connect success 
2015-03-19 09:15:17	 Mysql connect success 
2015-03-19 09:15:29	 Mysql connect success 
2015-03-19 09:17:48	 Mysql connect success 
2015-03-19 09:18:55	 Mysql connect success 
2015-03-19 09:19:03	 Mysql connect success 
2015-03-19 09:19:28	 Mysql connect success 
2015-03-19 09:19:49	 Mysql connect success 
2015-03-19 09:20:49	 Mysql connect success 
2015-03-19 09:21:11	 Mysql connect success 
2015-03-19 09:33:07	 Mysql connect success 
2015-03-19 09:38:07	 Mysql connect success 
2015-03-19 09:40:21	 Mysql connect success 
2015-03-19 09:43:45	 Mysql connect success 
2015-03-19 09:45:31	 Mysql connect success 
2015-03-19 09:45:41	 Mysql connect success 
2015-03-19 11:27:40	SQLSTATE[HY000] [2005] Unknown MySQL server host 'localhost:3306' (1)
2015-03-19 11:28:14	SQLSTATE[HY000] [2005] Unknown MySQL server host 'localhost:3306' (1)
2015-03-19 11:32:10	SQLSTATE[HY000] [2005] Unknown MySQL server host 'localhost:3306' (1)
2015-03-19 11:33:22	SQLSTATE[HY000] [2005] Unknown MySQL server host 'localhost:3306' (1)
2015-03-19 11:33:23	SQLSTATE[HY000] [2005] Unknown MySQL server host 'localhost:3306' (1)
2015-03-19 11:33:24	SQLSTATE[HY000] [2005] Unknown MySQL server host 'localhost:3306' (1)
2015-03-19 11:33:25	SQLSTATE[HY000] [2005] Unknown MySQL server host 'localhost:3306' (1)
2015-03-19 11:33:35	SQLSTATE[HY000] [2005] Unknown MySQL server host 'localhost:3306' (1)
2015-03-19 11:34:17	invalid data source name
2015-03-19 11:34:39	SQLSTATE[HY000] [2005] Unknown MySQL server host 'localhost:3306' (1)
2015-03-19 11:35:52	SQLSTATE[HY000] [2005] Unknown MySQL server host 'localhost:3306' (1)
2015-03-19 11:36:35	SQLSTATE[HY000] [2005] Unknown MySQL server host 'localhost:3306' (1)
2015-03-19 11:38:38	 Mysql connect success 
2015-03-19 11:38:58	 Mysql connect success 
2015-03-19 11:39:22	 Mysql connect success 
2015-03-19 11:42:58	SQLSTATE[HY000] [2005] Unknown MySQL server host 'localhost:3306' (1)
2015-03-19 11:44:32	SQLSTATE[HY000] [2005] Unknown MySQL server host 'localhost:3306' (1)
2015-03-19 11:45:00	SQLSTATE[HY000] [2005] Unknown MySQL server host 'localhost:3306' (1)
2015-03-19 11:46:05	SQLSTATE[HY000] [2005] Unknown MySQL server host 'localhost:3306' (1)
2015-03-19 11:46:28	SQLSTATE[28000] [1045] Access denied for user 'root'@'localhost' (using password: YES)
2015-03-19 11:52:16	SQLSTATE[28000] [1045] Access denied for user 'root'@'localhost' (using password: YES)
2015-03-19 11:52:49	 Mysql connect success 
2015-03-19 11:53:22	Could not connect: Access denied for user 'root'@'localhost' (using password: YES)
2015-03-19 11:53:56	Could not connect: Host '192.168.110.41' is not allowed to connect to this MySQL server
2015-03-19 12:04:19	SQLSTATE[28000] [1045] Access denied for user 'root'@'192.168.110.41' (using password: YES)
2015-03-19 12:05:11	SQLSTATE[42000]: Syntax error or access violation: 1064 You have an error in your SQL syntax; check the manual that corresponds to your MySQL server version for the right syntax to use near 'xxx' at line 1
