2015-06-15 10:30:41	成功插入93条数据!
2015-06-15 11:51:21	成功插入同步推201条数据!
2015-06-15 11:51:21	成功插入同步推201条数据!
2015-06-15 11:51:21	成功插入同步推162条数据!
2015-06-15 11:51:21	成功插入同步推211条数据!
2015-06-15 11:51:21	成功插入同步推207条数据!
2015-06-15 11:52:46	成功插入同步推201条数据!
2015-06-15 11:52:46	成功插入同步推207条数据!
2015-06-15 11:52:46	成功插入同步推162条数据!
2015-06-15 11:52:46	成功插入同步推202条数据!
2015-06-15 11:52:46	成功插入同步推210条数据!
2015-06-15 12:03:31	成功插入同步推201条数据!
2015-06-15 12:03:31	成功插入同步推162条数据!
2015-06-15 12:03:31	成功插入同步推202条数据!
2015-06-15 12:03:32	成功插入同步推207条数据!
2015-06-15 12:03:32	成功插入同步推210条数据!
2015-06-15 12:03:36	成功插入同步推110条数据!
2015-06-15 12:03:36	成功插入同步推109条数据!
2015-06-15 12:03:36	成功插入同步推139条数据!
2015-06-15 12:07:23	成功插入同步推201条数据!
2015-06-15 12:07:23	成功插入同步推210条数据!
2015-06-15 12:07:23	成功插入同步推201条数据!
2015-06-15 12:07:23	成功插入同步推163条数据!
2015-06-15 12:07:23	成功插入同步推207条数据!
2015-06-15 12:07:28	成功插入同步推120条数据!
2015-06-15 12:07:28	成功插入同步推107条数据!
2015-06-15 12:07:28	成功插入同步推131条数据!
2015-06-15 12:07:55	成功插入同步推热门软件排行榜100条数据!
2015-06-15 12:08:09	成功插入同步推精选软件排行榜100条数据!
2015-06-15 18:44:45	SQLSTATE[42000]: Syntax error or access violation: 1064 You have an error in your SQL syntax; check the manual that corresponds to your MySQL server version for the right syntax to use near '"('','','','','\u70ed\u95e8\u6e38\u620f', 2 ,'2015-06-15 18:44:37','http:\/\/app' at line 1
2015-06-15 18:46:24	SQLSTATE[42000]: Syntax error or access violation: 1064 You have an error in your SQL syntax; check the manual that corresponds to your MySQL server version for the right syntax to use near '"('','','','','\u88c5\u673a\u5fc5\u5907', 2 ,'2015-06-15 18:46:06','http:\/\/app' at line 1
2015-06-15 18:47:06	SQLSTATE[42000]: Syntax error or access violation: 1064 You have an error in your SQL syntax; check the manual that corresponds to your MySQL server version for the right syntax to use near '"('','','','','\u70ed\u95e8\u5e94\u7528', 2 ,'2015-06-15 18:47:01','http:\/\/app' at line 1
2015-06-15 18:53:00	SQLSTATE[42000]: Syntax error or access violation: 1064 You have an error in your SQL syntax; check the manual that corresponds to your MySQL server version for the right syntax to use near '"('','','','','\u70ed\u95e8\u6e38\u620f', 2 ,'2015-06-15 18:52:56','http:\/\/app' at line 1
2015-06-15 18:58:51	SQLSTATE[42000]: Syntax error or access violation: 1064 You have an error in your SQL syntax; check the manual that corresponds to your MySQL server version for the right syntax to use near '"('','','','','\u88c5\u673a\u5fc5\u5907', 2 ,'2015-06-15 18:58:45','http:\/\/app' at line 1
2015-06-15 19:00:26	SQLSTATE[42000]: Syntax error or access violation: 1064 You have an error in your SQL syntax; check the manual that corresponds to your MySQL server version for the right syntax to use near '"('','','','','\u6700\u65b0\u6e38\u620f', 2 ,'2015-06-15 19:00:15','http:\/\/app' at line 1
2015-06-15 19:04:06	成功插入101条数据!
2015-06-15 19:04:06	成功插入101条数据!
2015-06-15 19:04:06	成功插入127条数据!
2015-06-15 19:04:50	成功插入100条数据!
2015-06-15 19:04:57	成功插入100条数据!
